********************************************************************************
PACKAGE-LOG: 2015-08-23 02:34:20
NOTICE: Do NOT post to public sites or forums 
********************************************************************************
VERSION:	0.5.28
WORDPRESS:	4.3
PHP INFO:	5.6.10 | SAPI: apache2handler
SERVER:		Apache 
PHP TIME LIMIT: (0) no time limit imposed 
PHP MAX MEMORY: 5000M (256M default) 
MEMORY STACK: 32MB 

********************************************************************************
DATABASE:
********************************************************************************
BUILD MODE:   PHP (query limit - 100)
MYSQLDUMP:    Is Supported
MYSQLTIMEOUT: 5000 
TABLES: total:114 | filtered:0 | create:114 
FILTERED: [] 
SQL CREATED: 20150823_luxblox_55d9306c22add7159150823023108_database.sql 
SQL FILE SIZE: 2.98MB 
SQL FILE TIME: 2015-08-23 02:34:22 
SQL RUNTIME: 1.72 sec. 

******************************************************************************** 
ARCHIVE (ZIP): 
******************************************************************************** 
ARCHIVE DIR:  /Users/cklegan/Developer/apache/htdocs/luxblox/wp 
ARCHIVE FILE: 20150823_luxblox_55d9306c22add7159150823023108_archive.zip 
FILTERS: *ON* 
DIRS:  /Users/cklegan/Developer/apache/htdocs/luxblox; 
EXTS:  not set 
---------------------------------------- 
COMPRESSING 
SIZE:	0B 
STATS:	Dirs 0 | Files 0 
SQL ADDED: 20150823_luxblox_55d9306c22add7159150823023108_database.sql 
ZipArchive Object
(
    [status] => 0
    [statusSys] => 0
    [numFiles] => 1
    [filename] => /Users/cklegan/Developer/apache/htdocs/luxblox/wp/wp-snapshots/tmp/20150823_luxblox_55d9306c22add7159150823023108_archive.zip
    [comment] => 
)
 
COMPRESSION RESULT: '1' 
COMPRESSED SIZE: 479KB 
ARCHIVE RUNTIME: 0.62 sec. 
MEMORY STACK: 32MB 

******************************************************************************** 
MAKE INSTALLER: 
******************************************************************************** 
Build Start 
Build Finished 
Preping for use 
Template parsed with new data 
Complete [/Users/cklegan/Developer/apache/htdocs/luxblox/wp/wp-snapshots/tmp/20150823_luxblox_55d9306c22add7159150823023108_installer.php] 
Added to archive 

******************************************************************************** 
INTEGRITY CHECKS: 
******************************************************************************** 
SQL File: 2.98MB 
Installer File: 317.81KB 
Archive File: 479KB  

********************************************************************************
RECORD ID:[7]
TOTAL PROCESS RUNTIME: 2.62 sec.
PEAK PHP MEMORY USED: 34.5MB
DONE PROCESSING => 20150823_luxblox 2015-08-23 02:34:23
 
