********************************************************************************
PACKAGE-LOG: 2015-08-21 20:59:12
NOTICE: Do NOT post to public sites or forums 
********************************************************************************
VERSION:	0.5.28
WORDPRESS:	4.3
PHP INFO:	5.6.10 | SAPI: apache2handler
SERVER:		Apache 
PHP TIME LIMIT: (0) no time limit imposed 
PHP MAX MEMORY: 5000M (256M default) 
MEMORY STACK: 36.75MB 

********************************************************************************
DATABASE:
********************************************************************************
BUILD MODE:   PHP (query limit - 100)
MYSQLDUMP:    Is Supported
MYSQLTIMEOUT: 5000 
TABLES: total:113 | filtered:0 | create:113 
FILTERED: [] 
SQL CREATED: 20150821_lux_multisite_55d78fd411b3b8376150821205340_database.sql 
SQL FILE SIZE: 2.58MB 
SQL FILE TIME: 2015-08-21 20:59:15 
SQL RUNTIME: 2.63 sec. 

******************************************************************************** 
ARCHIVE (ZIP): 
******************************************************************************** 
ARCHIVE DIR:  /Users/cklegan/Developer/apache/htdocs/lux/wp 
ARCHIVE FILE: 20150821_lux_multisite_55d78fd411b3b8376150821205340_archive.zip 
FILTERS: *ON* 
DIRS:  /Users/cklegan/Developer/apache/htdocs/lux/wp; 
EXTS:  not set 
---------------------------------------- 
COMPRESSING 
SIZE:	0B 
STATS:	Dirs 0 | Files 0 
SQL ADDED: 20150821_lux_multisite_55d78fd411b3b8376150821205340_database.sql 
ZipArchive Object
(
    [status] => 0
    [statusSys] => 0
    [numFiles] => 1
    [filename] => /Users/cklegan/Developer/apache/htdocs/lux/wp/wp-snapshots/tmp/20150821_lux_multisite_55d78fd411b3b8376150821205340_archive.zip
    [comment] => 
)
 
COMPRESSION RESULT: '1' 
COMPRESSED SIZE: 453.48KB 
ARCHIVE RUNTIME: 0.45 sec. 
MEMORY STACK: 36.75MB 

******************************************************************************** 
MAKE INSTALLER: 
******************************************************************************** 
Build Start 
Build Finished 
Preping for use 
Template parsed with new data 
Complete [/Users/cklegan/Developer/apache/htdocs/lux/wp/wp-snapshots/tmp/20150821_lux_multisite_55d78fd411b3b8376150821205340_installer.php] 
Added to archive 

******************************************************************************** 
INTEGRITY CHECKS: 
******************************************************************************** 
SQL File: 2.58MB 
Installer File: 317.9KB 
Archive File: 453.48KB  

********************************************************************************
RECORD ID:[6]
TOTAL PROCESS RUNTIME: 3.29 sec.
PEAK PHP MEMORY USED: 39.25MB
DONE PROCESSING => 20150821_lux_multisite 2015-08-21 20:59:15
 
