********************************************************************************
PACKAGE-LOG: 2015-08-21 20:39:23
NOTICE: Do NOT post to public sites or forums 
********************************************************************************
VERSION:	0.5.28
WORDPRESS:	4.3
PHP INFO:	5.6.10 | SAPI: apache2handler
SERVER:		Apache 
PHP TIME LIMIT: (0) no time limit imposed 
PHP MAX MEMORY: 5000M (256M default) 
MEMORY STACK: 36.5MB 

********************************************************************************
DATABASE:
********************************************************************************
BUILD MODE:   PHP (query limit - 100)
MYSQLDUMP:    Is Supported
MYSQLTIMEOUT: 5000 
TABLES: total:113 | filtered:0 | create:113 
FILTERED: [] 
SQL CREATED: 20150821_lux_multisite_55d78c0e911532082150821203734_database.sql 
SQL FILE SIZE: 2.58MB 
SQL FILE TIME: 2015-08-21 20:39:25 
SQL RUNTIME: 2.57 sec. 

******************************************************************************** 
ARCHIVE (ZIP): 
******************************************************************************** 
ARCHIVE DIR:  /Users/cklegan/Developer/apache/htdocs/lux/wp 
ARCHIVE FILE: 20150821_lux_multisite_55d78c0e911532082150821203734_archive.zip 
FILTERS: *OFF* 
DIRS:  not set 
EXTS:  not set 
---------------------------------------- 
COMPRESSING 
SIZE:	21.07MB 
STATS:	Dirs 137 | Files 1,354 
SQL ADDED: 20150821_lux_multisite_55d78c0e911532082150821203734_database.sql 
ZipArchive Object
(
    [status] => 0
    [statusSys] => 0
    [numFiles] => 1491
    [filename] => /Users/cklegan/Developer/apache/htdocs/lux/wp/wp-snapshots/tmp/20150821_lux_multisite_55d78c0e911532082150821203734_archive.zip
    [comment] => 
)
 
COMPRESSION RESULT: '1' 
COMPRESSED SIZE: 9.27MB 
ARCHIVE RUNTIME: 4.19 sec. 
MEMORY STACK: 36.5MB 

******************************************************************************** 
MAKE INSTALLER: 
******************************************************************************** 
Build Start 
Build Finished 
Preping for use 
Template parsed with new data 
Complete [/Users/cklegan/Developer/apache/htdocs/lux/wp/wp-snapshots/tmp/20150821_lux_multisite_55d78c0e911532082150821203734_installer.php] 
Added to archive 

******************************************************************************** 
INTEGRITY CHECKS: 
******************************************************************************** 
SQL File: 2.58MB 
Installer File: 317.77KB 
Archive File: 9.27MB  

********************************************************************************
RECORD ID:[5]
TOTAL PROCESS RUNTIME: 7.20 sec.
PEAK PHP MEMORY USED: 39MB
DONE PROCESSING => 20150821_lux_multisite 2015-08-21 20:39:30
 
